INFO:root:API criada
INFO:toguro:Processando tweet - Kkkkkkkkkkkkkkkkkkkkkkkkk toguro salva o dia de qualquer um
INFO:root:API criada
INFO:toguro:Processando tweet - RT @brunomemeguy: o vídeo do toguro com o alok vsf https://t.co/eO9Sd84Nu1
INFO:toguro:{'Status': 'OK', 'Tweet ID': 1566805737120071684, 'Link': 'https://twitter.com/twitter/status/1566805737120071684'}
INFO:toguro:Processando tweet - TOGURO encontra FÃ no ROCK IN RIO e da CONSELHOS

🚨  https://t.co/V7G6IFhRd4

#Toguro #Justin #Juliette #Noticias… https://t.co/v9axriwkq6
INFO:toguro:{'Status': 'OK', 'Tweet ID': 1566805854560522240, 'Link': 'https://twitter.com/twitter/status/1566805854560522240'}
INFO:toguro:Processando tweet - RT @brunomemeguy: o vídeo do toguro com o alok vsf https://t.co/eO9Sd84Nu1
ERROR:toguro:{'Status': 'Warning', 'Tweet ID': 1566805902195294209, 'Link': 'https://twitter.com/twitter/status/1566805902195294209', 'Error': "[{'code': 139, 'message': 'You have already favorited this status.'}]"}
INFO:toguro:Processando tweet - slc agr toda vez q eu vejo algo revoltante eu fico na espera do toguro brotar do nada com uma reflexão e uma lição… https://t.co/kESzpDKXYm
INFO:toguro:{'Status': 'OK', 'Tweet ID': 1566806101089214469, 'Link': 'https://twitter.com/twitter/status/1566806101089214469'}
INFO:toguro:Processando tweet - RT @tchorasse: 1 semana pra data do aniversario do toguro e do maior atentado mundial já se visto.
INFO:toguro:{'Status': 'OK', 'Tweet ID': 1566806117480628231, 'Link': 'https://twitter.com/twitter/status/1566806117480628231'}
INFO:toguro:Processando tweet - @WhoWouldWin13 the hashira voters are demon slayer kids who tries to defend their anime. Toguro himself is a W, he… https://t.co/6NuSSzBOjv
INFO:toguro:Processando tweet - fui ver um vídeo e era toguro fiquei triste
INFO:toguro:{'Status': 'OK', 'Tweet ID': 1566806546746589184, 'Link': 'https://twitter.com/twitter/status/1566806546746589184'}
INFO:toguro:Processando tweet - EM PLENO 2022, ANO DE COPA, ANO DE ELEIÇÕES (começa a tocar ‘Oceans’) #toguro
INFO:toguro:{'Status': 'OK', 'Tweet ID': 1566806595526397955, 'Link': 'https://twitter.com/twitter/status/1566806595526397955'}
INFO:toguro:Processando tweet - RT @brunomemeguy: o vídeo do toguro com o alok vsf https://t.co/eO9Sd84Nu1
ERROR:toguro:{'Status': 'Warning', 'Tweet ID': 1566806758718308353, 'Link': 'https://twitter.com/twitter/status/1566806758718308353', 'Error': "[{'code': 139, 'message': 'You have already favorited this status.'}]"}
INFO:toguro:Processando tweet - toguro como q eu vou ficar shaypado se com menos de 3 mil n sobra dinheiro p academia???
INFO:toguro:Processando tweet - @toguromansao @Gordox toguro paga meus suplementos por favor
INFO:toguro:{'Status': 'OK', 'Tweet ID': 1566807250978619395, 'Link': 'https://twitter.com/twitter/status/1566807250978619395'}
INFO:toguro:Processando tweet - @toguromansao paga academia pra eu ent toguro 😔 tô falido dms pra conseguir ficar no shape
INFO:toguro:{'Status': 'OK', 'Tweet ID': 1566807285866926082, 'Link': 'https://twitter.com/twitter/status/1566807285866926082'}
INFO:toguro:Processando tweet - Pleno 2022, ano de copa do mundo e...(insira alguma frase motivacional do Toguro)
INFO:toguro:{'Status': 'OK', 'Tweet ID': 1566807295849369602, 'Link': 'https://twitter.com/twitter/status/1566807295849369602'}
INFO:toguro:Processando tweet - kkkkkkkkk
INFO:toguro:Processando tweet - o toguro tá falando tanto de shape que tô começando a pensar em botar um tbm 😵‍💫😵‍💫
INFO:toguro:{'Status': 'OK', 'Tweet ID': 1566807757503733760, 'Link': 'https://twitter.com/twitter/status/1566807757503733760'}
INFO:toguro:Processando tweet - @toguromansao toguro paga meus suplementos por favor
INFO:toguro:{'Status': 'OK', 'Tweet ID': 1566807759076589568, 'Link': 'https://twitter.com/twitter/status/1566807759076589568'}
INFO:toguro:Processando tweet - RT @gabcoppoIa: eu e toguro mto bests 💕 https://t.co/kKJD4CPdrP
INFO:toguro:{'Status': 'OK', 'Tweet ID': 1566807951423291393, 'Link': 'https://twitter.com/twitter/status/1566807951423291393'}
INFO:toguro:Processando tweet - @toguromansao toguro paga meus suplementos por favor
INFO:toguro:{'Status': 'OK', 'Tweet ID': 1566807956234141699, 'Link': 'https://twitter.com/twitter/status/1566807956234141699'}
INFO:toguro:Processando tweet - @brunomemeguy @Enayar_Rayan esse é o toguro kakakaka
INFO:toguro:{'Status': 'OK', 'Tweet ID': 1566808259834544132, 'Link': 'https://twitter.com/twitter/status/1566808259834544132'}
INFO:toguro:Processando tweet - o muca, o alok e o toguro em um video só, apenas obra de arte
INFO:toguro:Processando tweet - TOGURO encontra FÃ no ROCK IN RIO e da CONSELHOS

🚨  https://t.co/V7G6IF0glw

#Toguro #Justin #Juliette #Noticias… https://t.co/tIMQD4cNUE
INFO:toguro:{'Status': 'OK', 'Tweet ID': 1566808371558219776, 'Link': 'https://twitter.com/twitter/status/1566808371558219776'}
INFO:toguro:Processando tweet - RT @brunomemeguy: o vídeo do toguro com o alok vsf https://t.co/eO9Sd84Nu1
ERROR:toguro:{'Status': 'Warning', 'Tweet ID': 1566808432363053056, 'Link': 'https://twitter.com/twitter/status/1566808432363053056', 'Error': "[{'code': 139, 'message': 'You have already favorited this status.'}]"}
INFO:toguro:Processando tweet - @toguromansao Sim toguro, trabalho das 8 as 18 e ainda vou pra escola. 
Vou botar o shaype treinando na madruga fds kkkkkkkkkk
INFO:toguro:{'Status': 'OK', 'Tweet ID': 1566808494556192768, 'Link': 'https://twitter.com/twitter/status/1566808494556192768'}
INFO:toguro:Processando tweet - RT @tchorasse: 1 semana pra data do aniversario do toguro e do maior atentado mundial já se visto.
ERROR:toguro:{'Status': 'Warning', 'Tweet ID': 1566808533928132610, 'Link': 'https://twitter.com/twitter/status/1566808533928132610', 'Error': "[{'code': 139, 'message': 'You have already favorited this status.'}]"}
INFO:toguro:Processando tweet - @onethurzin @YuriDeOclin Que isso toguro
INFO:toguro:{'Status': 'OK', 'Tweet ID': 1566808698105757697, 'Link': 'https://twitter.com/twitter/status/1566808698105757697'}
INFO:toguro:Processando tweet - RT @luucaX: Quando me perguntarem como eu estou vou responder no estilo toguro "Meu shape fala por mim"...
Dai vocês vao entender o caos qu…
INFO:toguro:{'Status': 'OK', 'Tweet ID': 1566808763125977092, 'Link': 'https://twitter.com/twitter/status/1566808763125977092'}
INFO:toguro:Processando tweet - Toguro falou, ta falado. O Shape deixou a mensagem
INFO:toguro:Processando tweet - RT @brunomemeguy: o vídeo do toguro com o alok vsf https://t.co/eO9Sd84Nu1
ERROR:toguro:{'Status': 'Warning', 'Tweet ID': 1566809365776158724, 'Link': 'https://twitter.com/twitter/status/1566809365776158724', 'Error': "[{'code': 139, 'message': 'You have already favorited this status.'}]"}
INFO:toguro:Processando tweet - @cbairllioes @memeinteligentx SO QUE quando você muda pra um exercício ANAERÓBICO porque viu o Toguro falando que o… https://t.co/MNndVwY9pY
INFO:toguro:{'Status': 'OK', 'Tweet ID': 1566809554515628038, 'Link': 'https://twitter.com/twitter/status/1566809554515628038'}
INFO:toguro:Processando tweet - toguro
INFO:toguro:Processando tweet - No início pensei: nossa parece os vídeos do toguro
Até que...
INFO:toguro:Processando tweet - VSFD, O TOGURO CARA KKKKKKKKKKKKKKKKKKKKKKKKKKKKKKKKK https://t.co/TUpUoFXoMw
INFO:toguro:{'Status': 'OK', 'Tweet ID': 1566810501979447296, 'Link': 'https://twitter.com/twitter/status/1566810501979447296'}
INFO:toguro:Processando tweet - @toguromansao @rentssz O TOGURO
INFO:toguro:Processando tweet - todo vídeo que eu vejo na internet fico esperando o toguro aparecer falando "pleno 2022"
INFO:toguro:{'Status': 'OK', 'Tweet ID': 1566810628240588801, 'Link': 'https://twitter.com/twitter/status/1566810628240588801'}
INFO:toguro:Processando tweet - RT @brunomemeguy: o vídeo do toguro com o alok vsf https://t.co/eO9Sd84Nu1
ERROR:toguro:{'Status': 'Warning', 'Tweet ID': 1566810679750836224, 'Link': 'https://twitter.com/twitter/status/1566810679750836224', 'Error': "[{'code': 139, 'message': 'You have already favorited this status.'}]"}
INFO:toguro:Processando tweet - @JoeCoolXbox Por 3 segundos eu pensei que fosse o toguro kkkkkkkk
INFO:toguro:{'Status': 'OK', 'Tweet ID': 1566810784721682434, 'Link': 'https://twitter.com/twitter/status/1566810784721682434'}
INFO:toguro:Processando tweet - Toma no cu n aguento mais o toguro na minha tl
INFO:toguro:{'Status': 'OK', 'Tweet ID': 1566810795316547587, 'Link': 'https://twitter.com/twitter/status/1566810795316547587'}
INFO:toguro:Processando tweet - Esse aqui é o vídeo do ano. EU AMO O TOGURO!!!!!!
INFO:toguro:Processando tweet - @manobilas Quebrei Mt quando percebi o Toguro Lá atras heueheueheueu
INFO:toguro:{'Status': 'OK', 'Tweet ID': 1566811075949039616, 'Link': 'https://twitter.com/twitter/status/1566811075949039616'}
INFO:toguro:Processando tweet - @uioxis o renegado ficou 5 dias baixando uma foto do toguro
INFO:toguro:{'Status': 'OK', 'Tweet ID': 1566811248792068096, 'Link': 'https://twitter.com/twitter/status/1566811248792068096'}
INFO:toguro:Processando tweet - RT @brunomemeguy: o vídeo do toguro com o alok vsf https://t.co/eO9Sd84Nu1
ERROR:toguro:{'Status': 'Warning', 'Tweet ID': 1566812001329872897, 'Link': 'https://twitter.com/twitter/status/1566812001329872897', 'Error': "[{'code': 139, 'message': 'You have already favorited this status.'}]"}
INFO:toguro:Processando tweet - @toguromansao @alokoficial SIMPLESMENTE TOGURO KKKKKKKKK
INFO:toguro:{'Status': 'OK', 'Tweet ID': 1566812062797467653, 'Link': 'https://twitter.com/twitter/status/1566812062797467653'}
INFO:toguro:Processando tweet - Medo de gravar um vídeo e o toguro aparecer nele do nada
INFO:toguro:{'Status': 'OK', 'Tweet ID': 1566812295031824384, 'Link': 'https://twitter.com/twitter/status/1566812295031824384'}
INFO:toguro:Processando tweet - Eu odeio tanto o toguro
INFO:toguro:{'Status': 'OK', 'Tweet ID': 1566812820498522117, 'Link': 'https://twitter.com/twitter/status/1566812820498522117'}
INFO:toguro:Processando tweet - vou ter que seguir a toguro mentality e colocar um shape
INFO:toguro:{'Status': 'OK', 'Tweet ID': 1566812948076568581, 'Link': 'https://twitter.com/twitter/status/1566812948076568581'}
INFO:toguro:Processando tweet - Toguro preto e branco https://t.co/gcLCScV6EP
INFO:toguro:{'Status': 'OK', 'Tweet ID': 1566812984290287616, 'Link': 'https://twitter.com/twitter/status/1566812984290287616'}
INFO:toguro:Processando tweet - Fiz 10 agachamento hoje, a mãe ta shaypada, mestre Toguro terá orgulho
INFO:toguro:{'Status': 'OK', 'Tweet ID': 1566813052858781697, 'Link': 'https://twitter.com/twitter/status/1566813052858781697'}
INFO:toguro:Processando tweet - RT @brunomemeguy: o vídeo do toguro com o alok vsf https://t.co/eO9Sd84Nu1
ERROR:toguro:{'Status': 'Warning', 'Tweet ID': 1566813231246630913, 'Link': 'https://twitter.com/twitter/status/1566813231246630913', 'Error': "[{'code': 139, 'message': 'You have already favorited this status.'}]"}
INFO:toguro:Processando tweet - @bot_toguro Sai daqui toguro safado
INFO:toguro:{'Status': 'OK', 'Tweet ID': 1566813409584242689, 'Link': 'https://twitter.com/twitter/status/1566813409584242689'}
INFO:toguro:Processando tweet - toguro
INFO:toguro:Processando tweet - @onethurzin Slc o toguro cresceu muito
INFO:toguro:{'Status': 'OK', 'Tweet ID': 1566813603663052801, 'Link': 'https://twitter.com/twitter/status/1566813603663052801'}
INFO:root:API criada
INFO:toguro:Processando tweet - TOGURO encontra FÃ no ROCK IN RIO e da CONSELHOS

🚨  https://t.co/V7G6IF0glw

#Toguro #Justin #Juliette #Noticias… https://t.co/fOsRCU9U8p
INFO:toguro:{'Status': 'OK', 'Tweet ID': 1566813886740832256, 'Link': 'https://twitter.com/twitter/status/1566813886740832256'}
INFO:toguro:Processando tweet - TOGURO encontra FÃ no ROCK IN RIO e da CONSELHOS

🚨  https://t.co/V7G6IF0glw

#Toguro #Justin #Juliette #Noticias… https://t.co/EMS8dZq8dB
INFO:toguro:{'Status': 'OK', 'Tweet ID': 1566813928793014278, 'Link': 'https://twitter.com/twitter/status/1566813928793014278'}
INFO:toguro:Processando tweet - ele ta começando agora KKKKKKKKKKK
INFO:toguro:Processando tweet - O Toguro falou eu vou ter que lançar um pré treino e ir pra academia
INFO:toguro:Processando tweet - TOGURO encontra FÃ no ROCK IN RIO e da CONSELHOS

🚨  https://t.co/V7G6IF0glw

#Toguro #Justin #Juliette #Noticias… https://t.co/d3MR7jC9DK
INFO:toguro:{'Status': 'OK', 'Tweet ID': 1566814060498280449, 'Link': 'https://twitter.com/twitter/status/1566814060498280449'}
INFO:toguro:Processando tweet - TOGURO encontra FÃ no ROCK IN RIO e da CONSELHOS

🔗  https://t.co/V7G6IF0glw

#Toguro #Justin #Juliette #Noticias #Whindersson
INFO:toguro:{'Status': 'OK', 'Tweet ID': 1566814117943468032, 'Link': 'https://twitter.com/twitter/status/1566814117943468032'}
INFO:toguro:Processando tweet - TOGURO encontra FÃ no ROCK IN RIO e da CONSELHOS

😱  https://t.co/V7G6IF0glw

#Toguro #Justin #Juliette #Noticias #Whindersson
INFO:toguro:{'Status': 'OK', 'Tweet ID': 1566814233010094081, 'Link': 'https://twitter.com/twitter/status/1566814233010094081'}
INFO:toguro:Processando tweet - TOGURO encontra FÃ no ROCK IN RIO e da CONSELHOS

💣  https://t.co/V7G6IF0glw

#Toguro #Justin #Juliette #Noticias #Whindersson
INFO:toguro:{'Status': 'OK', 'Tweet ID': 1566814345912352770, 'Link': 'https://twitter.com/twitter/status/1566814345912352770'}
INFO:toguro:Processando tweet - O Toguro mano HUAHUAHUAUHAHUUHAUHAUHAUHAUHA
INFO:toguro:{'Status': 'OK', 'Tweet ID': 1566814614234578945, 'Link': 'https://twitter.com/twitter/status/1566814614234578945'}
INFO:toguro:Processando tweet - Muito se fala do Toguro, o influencer do shape, mas eu queria mesmo era saber onde está o Yusuke Urameshi brasileir… https://t.co/KCpFUZ6RGR
INFO:toguro:{'Status': 'OK', 'Tweet ID': 1566815221964046338, 'Link': 'https://twitter.com/twitter/status/1566815221964046338'}
INFO:root:API criada
INFO:toguro:Processando tweet - @bot_toguro Por enquanto, toguro bot, mas o dia chegará
INFO:toguro:{'Status': 'OK', 'Tweet ID': 1566815598398537728, 'Link': 'https://twitter.com/twitter/status/1566815598398537728'}
INFO:toguro:Processando tweet - @toguromansao @Gordox Tu é muito doente toguro kkkkkkkkkkkk
INFO:toguro:{'Status': 'OK', 'Tweet ID': 1566815855358402560, 'Link': 'https://twitter.com/twitter/status/1566815855358402560'}
INFO:toguro:Processando tweet - de 10 tweets do toguro 11 são falando que vc obrigatoriamente precisa estar no shape
INFO:toguro:{'Status': 'OK', 'Tweet ID': 1566815885196656640, 'Link': 'https://twitter.com/twitter/status/1566815885196656640'}
INFO:toguro:Processando tweet - Me perdoe Toguro eu falhei
INFO:toguro:Processando tweet - tava com depressao +23 estilo toguro sozinho triste e comecei a ouvir a palavra dj ramemes, hj sou um novo homem
INFO:toguro:{'Status': 'OK', 'Tweet ID': 1566816339121111041, 'Link': 'https://twitter.com/twitter/status/1566816339121111041'}
INFO:toguro:Processando tweet - Kkkkkkkkkkk
INFO:toguro:Processando tweet - Toguro, vai se fuder
INFO:toguro:Processando tweet - @augustusrmacedo @matue30 Kakakakakakakakakakakakakkakakakakaka eu assistir até o final pensando q era vídeo de zuera tipo toguro
INFO:toguro:{'Status': 'OK', 'Tweet ID': 1566816967947853824, 'Link': 'https://twitter.com/twitter/status/1566816967947853824'}
INFO:toguro:Processando tweet - Vei eu n guento esse toguro
INFO:toguro:Processando tweet - RT @Coreano: toguro invertido
INFO:toguro:Processando tweet - toguro nao saindo do personagem com o cara trincando do lado dele mt heroi
INFO:toguro:Processando tweet - RT @EditionsKana: Dans l'incapacité d'utiliser son reigan, Yûsuke mise tout sur son reikôdan pour sortir vainqueur de son combat contre Jin…
INFO:toguro:{'Status': 'OK', 'Tweet ID': 1566817780862787584, 'Link': 'https://twitter.com/twitter/status/1566817780862787584'}
INFO:toguro:Processando tweet - a risada no fundo
INFO:toguro:Processando tweet - TOGURO encontra FÃ no ROCK IN RIO e da CONSELHOS

💣  https://t.co/V7G6IF0glw

#Toguro #Justin #Juliette #Noticias… https://t.co/MFBPKHZupi
INFO:toguro:{'Status': 'OK', 'Tweet ID': 1566817973255507969, 'Link': 'https://twitter.com/twitter/status/1566817973255507969'}
INFO:toguro:Processando tweet - TOGURO encontra FÃ no ROCK IN RIO e da CONSELHOS

💣  https://t.co/V7G6IF0glw

#Toguro #Justin #Juliette #Noticias… https://t.co/8SsgYDzCHC
INFO:toguro:{'Status': 'OK', 'Tweet ID': 1566818012912664582, 'Link': 'https://twitter.com/twitter/status/1566818012912664582'}
INFO:toguro:Processando tweet - os cara são bobo
INFO:toguro:Processando tweet - @TJhiovana não tem como... Toguro precioso demais!
INFO:toguro:{'Status': 'OK', 'Tweet ID': 1566818211613515777, 'Link': 'https://twitter.com/twitter/status/1566818211613515777'}
INFO:toguro:Processando tweet - Buddy thought he was on the team Elder Toguro was talking way too wild https://t.co/kB5AixxW7n
INFO:toguro:{'Status': 'OK', 'Tweet ID': 1566818239618990082, 'Link': 'https://twitter.com/twitter/status/1566818239618990082'}
INFO:toguro:Processando tweet - Younger Toguro really the standard https://t.co/OCPKOMeiVw
INFO:toguro:{'Status': 'OK', 'Tweet ID': 1566818252579373056, 'Link': 'https://twitter.com/twitter/status/1566818252579373056'}
INFO:toguro:Processando tweet - grato por viver na mesma era de Toguro.
INFO:toguro:Processando tweet - Esses vídeos do toguro é muito engraçado
INFO:toguro:{'Status': 'OK', 'Tweet ID': 1566818661398155266, 'Link': 'https://twitter.com/twitter/status/1566818661398155266'}
INFO:toguro:Processando tweet - @susumaritima Toguro está triste com você https://t.co/HNwZ7eQ9jN
INFO:toguro:{'Status': 'OK', 'Tweet ID': 1566818870517710851, 'Link': 'https://twitter.com/twitter/status/1566818870517710851'}
INFO:toguro:Processando tweet - informo: alok estava realmente na bala
INFO:toguro:Processando tweet - coisas que me pegam nesse vídeo

o muca muriçoca ainda estar vivo

o alok ter só uma expressão facial tal qual brun… https://t.co/SUvyNZGS5X
INFO:toguro:Processando tweet - esperando o toguro tweetar
"tem tempo p discutir no tweeter? obrigação é shaypado"
INFO:toguro:{'Status': 'OK', 'Tweet ID': 1566819428037165060, 'Link': 'https://twitter.com/twitter/status/1566819428037165060'}
INFO:toguro:Processando tweet - esperando o toguro tweetar p dar rt
"tem tempo p discutir no twitter? obrigação é estar shayapado"
INFO:toguro:{'Status': 'OK', 'Tweet ID': 1566819622778818560, 'Link': 'https://twitter.com/twitter/status/1566819622778818560'}
INFO:toguro:Processando tweet - mais um dia em que sinto a necessidade de dizer que amo o Toguro, n da KKKKKKKKKKK
INFO:toguro:Processando tweet - O vídeo de toguro 
ALOK o tempo inteiro sendo insultado: 😄😄😄
INFO:toguro:{'Status': 'OK', 'Tweet ID': 1566820080826175494, 'Link': 'https://twitter.com/twitter/status/1566820080826175494'}
INFO:root:API criada
